<?xml version="1.0" encoding="UTF-8"?>
<testsuite name="DollarCalculatorTest" tests="3" skipped="0" failures="0" errors="0" timestamp="2022-07-31T08:42:49" hostname="DESKTOP-H1SPCF1" time="0.682">
  <properties/>
  <testcase name="dollarTest()" classname="DollarCalculatorTest" time="0.674"/>
  <testcase name="testHello()" classname="DollarCalculatorTest" time="0.001"/>
  <testcase name="mockTest()" classname="DollarCalculatorTest" time="0.005"/>
  <system-out><![CDATA[22000
hello
60000
]]></system-out>
  <system-err><![CDATA[]]></system-err>
</testsuite>
