<?xml version="1.0" encoding="UTF-8"?>
<testsuite name="DollarCalculatorTest" tests="1" skipped="0" failures="0" errors="0" timestamp="2022-07-31T06:38:48" hostname="DESKTOP-H1SPCF1" time="0.379">
  <properties/>
  <testcase name="mockTest()" classname="DollarCalculatorTest" time="0.379"/>
  <system-out><![CDATA[60000
]]></system-out>
  <system-err><![CDATA[]]></system-err>
</testsuite>
